{"C:\\Users\\fawad.naeem\\Desktop\\restApp\\restApi\\apis\\api.js": {"path":"C:\\Users\\fawad.naeem\\Desktop\\restApp\\restApi\\apis\\api.js","statementMap":{"0":{"start":{"line":1,"column":16},"end":{"line":1,"column":34}},"1":{"start":{"line":2,"column":15},"end":{"line":2,"column":31}},"2":{"start":{"line":3,"column":15},"end":{"line":3,"column":41}},"3":{"start":{"line":4,"column":0},"end":{"line":4,"column":27}},"4":{"start":{"line":5,"column":0},"end":{"line":5,"column":24}}},"fnMap":{},"branchMap":{},"s":{"0":1,"1":1,"2":1,"3":1,"4":1},"f":{},"b":{},"inputSourceMap":null,"_coverageSchema":"1a1c01bbd47fc00a2c39e90264f33305004495a9","hash":"8894c4b8e3023f2141fffe5def9904b1a071f479"}
,"C:\\Users\\fawad.naeem\\Desktop\\restApp\\restApi\\controllers\\authControllers.js": {"path":"C:\\Users\\fawad.naeem\\Desktop\\restApp\\restApi\\controllers\\authControllers.js","statementMap":{"0":{"start":{"line":1,"column":13},"end":{"line":1,"column":38}},"1":{"start":{"line":2,"column":12},"end":{"line":2,"column":35}},"2":{"start":{"line":4,"column":4},"end":{"line":6,"column":5}},"3":{"start":{"line":5,"column":8},"end":{"line":5,"column":59}},"4":{"start":{"line":7,"column":16},"end":{"line":7,"column":55}},"5":{"start":{"line":8,"column":4},"end":{"line":10,"column":5}},"6":{"start":{"line":9,"column":8},"end":{"line":9,"column":59}},"7":{"start":{"line":11,"column":18},"end":{"line":11,"column":57}},"8":{"start":{"line":12,"column":4},"end":{"line":14,"column":5}},"9":{"start":{"line":13,"column":8},"end":{"line":13,"column":59}},"10":{"start":{"line":15,"column":4},"end":{"line":15,"column":32}},"11":{"start":{"line":16,"column":4},"end":{"line":16,"column":10}},"12":{"start":{"line":21,"column":17},"end":{"line":43,"column":1}},"13":{"start":{"line":22,"column":19},"end":{"line":22,"column":27}},"14":{"start":{"line":23,"column":15},"end":{"line":23,"column":33}},"15":{"start":{"line":24,"column":4},"end":{"line":42,"column":1}},"16":{"start":{"line":25,"column":8},"end":{"line":27,"column":10}},"17":{"start":{"line":29,"column":8},"end":{"line":41,"column":10}},"18":{"start":{"line":30,"column":26},"end":{"line":30,"column":55}},"19":{"start":{"line":31,"column":24},"end":{"line":31,"column":82}},"20":{"start":{"line":32,"column":12},"end":{"line":36,"column":14}},"21":{"start":{"line":38,"column":12},"end":{"line":40,"column":14}},"22":{"start":{"line":44,"column":14},"end":{"line":72,"column":1}},"23":{"start":{"line":45,"column":19},"end":{"line":45,"column":27}},"24":{"start":{"line":46,"column":4},"end":{"line":71,"column":6}},"25":{"start":{"line":47,"column":8},"end":{"line":47,"column":25}},"26":{"start":{"line":48,"column":8},"end":{"line":66,"column":9}},"27":{"start":{"line":49,"column":12},"end":{"line":51,"column":14}},"28":{"start":{"line":53,"column":8},"end":{"line":66,"column":9}},"29":{"start":{"line":54,"column":12},"end":{"line":56,"column":14}},"30":{"start":{"line":58,"column":26},"end":{"line":58,"column":46}},"31":{"start":{"line":59,"column":24},"end":{"line":59,"column":82}},"32":{"start":{"line":61,"column":12},"end":{"line":65,"column":14}},"33":{"start":{"line":68,"column":8},"end":{"line":70,"column":10}},"34":{"start":{"line":73,"column":0},"end":{"line":77,"column":1}}},"fnMap":{"0":{"name":"verifyToken","decl":{"start":{"line":3,"column":9},"end":{"line":3,"column":20}},"loc":{"start":{"line":3,"column":36},"end":{"line":19,"column":1}},"line":3},"1":{"name":"(anonymous_1)","decl":{"start":{"line":21,"column":17},"end":{"line":21,"column":18}},"loc":{"start":{"line":21,"column":35},"end":{"line":43,"column":1}},"line":21},"2":{"name":"(anonymous_2)","decl":{"start":{"line":29,"column":31},"end":{"line":29,"column":32}},"loc":{"start":{"line":29,"column":49},"end":{"line":37,"column":9}},"line":29},"3":{"name":"(anonymous_3)","decl":{"start":{"line":37,"column":17},"end":{"line":37,"column":18}},"loc":{"start":{"line":37,"column":23},"end":{"line":41,"column":9}},"line":37},"4":{"name":"(anonymous_4)","decl":{"start":{"line":44,"column":14},"end":{"line":44,"column":15}},"loc":{"start":{"line":44,"column":32},"end":{"line":72,"column":1}},"line":44},"5":{"name":"(anonymous_5)","decl":{"start":{"line":46,"column":53},"end":{"line":46,"column":54}},"loc":{"start":{"line":46,"column":61},"end":{"line":67,"column":5}},"line":46},"6":{"name":"(anonymous_6)","decl":{"start":{"line":67,"column":13},"end":{"line":67,"column":14}},"loc":{"start":{"line":67,"column":19},"end":{"line":71,"column":5}},"line":67}},"branchMap":{"0":{"loc":{"start":{"line":4,"column":4},"end":{"line":6,"column":5}},"type":"if","locations":[{"start":{"line":4,"column":4},"end":{"line":6,"column":5}},{"start":{},"end":{}}],"line":4},"1":{"loc":{"start":{"line":8,"column":4},"end":{"line":10,"column":5}},"type":"if","locations":[{"start":{"line":8,"column":4},"end":{"line":10,"column":5}},{"start":{},"end":{}}],"line":8},"2":{"loc":{"start":{"line":12,"column":4},"end":{"line":14,"column":5}},"type":"if","locations":[{"start":{"line":12,"column":4},"end":{"line":14,"column":5}},{"start":{},"end":{}}],"line":12},"3":{"loc":{"start":{"line":24,"column":4},"end":{"line":42,"column":1}},"type":"if","locations":[{"start":{"line":24,"column":4},"end":{"line":42,"column":1}},{"start":{"line":28,"column":9},"end":{"line":42,"column":1}}],"line":24},"4":{"loc":{"start":{"line":48,"column":8},"end":{"line":66,"column":9}},"type":"if","locations":[{"start":{"line":48,"column":8},"end":{"line":66,"column":9}},{"start":{"line":53,"column":8},"end":{"line":66,"column":9}}],"line":48},"5":{"loc":{"start":{"line":53,"column":8},"end":{"line":66,"column":9}},"type":"if","locations":[{"start":{"line":53,"column":8},"end":{"line":66,"column":9}},{"start":{"line":57,"column":13},"end":{"line":66,"column":9}}],"line":53}},"s":{"0":1,"1":1,"2":4,"3":1,"4":3,"5":3,"6":0,"7":3,"8":3,"9":0,"10":3,"11":3,"12":1,"13":1,"14":1,"15":1,"16":0,"17":1,"18":1,"19":1,"20":1,"21":0,"22":1,"23":1,"24":1,"25":1,"26":1,"27":0,"28":1,"29":0,"30":1,"31":1,"32":1,"33":0,"34":1},"f":{"0":4,"1":1,"2":1,"3":0,"4":1,"5":1,"6":0},"b":{"0":[1,3],"1":[0,3],"2":[0,3],"3":[0,1],"4":[0,1],"5":[0,1]},"inputSourceMap":null,"_coverageSchema":"1a1c01bbd47fc00a2c39e90264f33305004495a9","hash":"fec3c79eecaa0b9a81ad6da7b5f742ed5ed84945"}
,"C:\\Users\\fawad.naeem\\Desktop\\restApp\\restApi\\controllers\\itemsControllers.js": {"path":"C:\\Users\\fawad.naeem\\Desktop\\restApp\\restApi\\controllers\\itemsControllers.js","statementMap":{"0":{"start":{"line":1,"column":17},"end":{"line":1,"column":36}},"1":{"start":{"line":2,"column":11},"end":{"line":2,"column":24}},"2":{"start":{"line":3,"column":19},"end":{"line":3,"column":45}},"3":{"start":{"line":4,"column":15},"end":{"line":4,"column":39}},"4":{"start":{"line":5,"column":29},"end":{"line":5,"column":60}},"5":{"start":{"line":9,"column":19},"end":{"line":28,"column":1}},"6":{"start":{"line":10,"column":4},"end":{"line":27,"column":7}},"7":{"start":{"line":12,"column":8},"end":{"line":20,"column":9}},"8":{"start":{"line":13,"column":12},"end":{"line":15,"column":14}},"9":{"start":{"line":17,"column":12},"end":{"line":19,"column":15}},"10":{"start":{"line":23,"column":8},"end":{"line":26,"column":11}},"11":{"start":{"line":32,"column":14},"end":{"line":42,"column":1}},"12":{"start":{"line":33,"column":4},"end":{"line":41,"column":11}},"13":{"start":{"line":35,"column":12},"end":{"line":35,"column":47}},"14":{"start":{"line":37,"column":12},"end":{"line":40,"column":15}},"15":{"start":{"line":46,"column":16},"end":{"line":67,"column":1}},"16":{"start":{"line":47,"column":23},"end":{"line":57,"column":10}},"17":{"start":{"line":58,"column":4},"end":{"line":66,"column":11}},"18":{"start":{"line":59,"column":8},"end":{"line":61,"column":15}},"19":{"start":{"line":63,"column":12},"end":{"line":65,"column":15}},"20":{"start":{"line":71,"column":19},"end":{"line":100,"column":1}},"21":{"start":{"line":72,"column":19},"end":{"line":72,"column":40}},"22":{"start":{"line":73,"column":19},"end":{"line":81,"column":5}},"23":{"start":{"line":82,"column":19},"end":{"line":82,"column":31}},"24":{"start":{"line":83,"column":4},"end":{"line":99,"column":6}},"25":{"start":{"line":84,"column":21},"end":{"line":84,"column":52}},"26":{"start":{"line":85,"column":16},"end":{"line":91,"column":21}},"27":{"start":{"line":86,"column":20},"end":{"line":86,"column":39}},"28":{"start":{"line":88,"column":24},"end":{"line":90,"column":26}},"29":{"start":{"line":92,"column":8},"end":{"line":94,"column":15}},"30":{"start":{"line":96,"column":8},"end":{"line":98,"column":11}},"31":{"start":{"line":104,"column":19},"end":{"line":132,"column":1}},"32":{"start":{"line":105,"column":4},"end":{"line":131,"column":7}},"33":{"start":{"line":107,"column":8},"end":{"line":124,"column":9}},"34":{"start":{"line":109,"column":12},"end":{"line":111,"column":15}},"35":{"start":{"line":113,"column":25},"end":{"line":113,"column":54}},"36":{"start":{"line":114,"column":12},"end":{"line":123,"column":17}},"37":{"start":{"line":115,"column":16},"end":{"line":115,"column":35}},"38":{"start":{"line":116,"column":16},"end":{"line":118,"column":33}},"39":{"start":{"line":120,"column":20},"end":{"line":122,"column":22}},"40":{"start":{"line":127,"column":8},"end":{"line":130,"column":11}},"41":{"start":{"line":136,"column":19},"end":{"line":149,"column":1}},"42":{"start":{"line":137,"column":3},"end":{"line":148,"column":6}},"43":{"start":{"line":138,"column":11},"end":{"line":147,"column":9}},"44":{"start":{"line":139,"column":12},"end":{"line":141,"column":14}},"45":{"start":{"line":143,"column":12},"end":{"line":146,"column":14}},"46":{"start":{"line":151,"column":0},"end":{"line":158,"column":1}}},"fnMap":{"0":{"name":"(anonymous_0)","decl":{"start":{"line":9,"column":19},"end":{"line":9,"column":20}},"loc":{"start":{"line":9,"column":37},"end":{"line":28,"column":1}},"line":9},"1":{"name":"(anonymous_1)","decl":{"start":{"line":11,"column":10},"end":{"line":11,"column":11}},"loc":{"start":{"line":11,"column":18},"end":{"line":21,"column":5}},"line":11},"2":{"name":"(anonymous_2)","decl":{"start":{"line":21,"column":13},"end":{"line":21,"column":14}},"loc":{"start":{"line":21,"column":20},"end":{"line":27,"column":5}},"line":21},"3":{"name":"(anonymous_3)","decl":{"start":{"line":32,"column":14},"end":{"line":32,"column":15}},"loc":{"start":{"line":32,"column":32},"end":{"line":42,"column":1}},"line":32},"4":{"name":"(anonymous_4)","decl":{"start":{"line":34,"column":14},"end":{"line":34,"column":15}},"loc":{"start":{"line":34,"column":23},"end":{"line":36,"column":9}},"line":34},"5":{"name":"(anonymous_5)","decl":{"start":{"line":36,"column":17},"end":{"line":36,"column":18}},"loc":{"start":{"line":36,"column":24},"end":{"line":41,"column":9}},"line":36},"6":{"name":"(anonymous_6)","decl":{"start":{"line":46,"column":16},"end":{"line":46,"column":17}},"loc":{"start":{"line":46,"column":36},"end":{"line":67,"column":1}},"line":46},"7":{"name":"(anonymous_7)","decl":{"start":{"line":58,"column":33},"end":{"line":58,"column":34}},"loc":{"start":{"line":58,"column":43},"end":{"line":62,"column":9}},"line":58},"8":{"name":"(anonymous_8)","decl":{"start":{"line":62,"column":17},"end":{"line":62,"column":18}},"loc":{"start":{"line":62,"column":24},"end":{"line":66,"column":9}},"line":62},"9":{"name":"(anonymous_9)","decl":{"start":{"line":71,"column":19},"end":{"line":71,"column":20}},"loc":{"start":{"line":71,"column":33},"end":{"line":100,"column":1}},"line":71},"10":{"name":"(anonymous_10)","decl":{"start":{"line":83,"column":61},"end":{"line":83,"column":62}},"loc":{"start":{"line":83,"column":71},"end":{"line":95,"column":5}},"line":83},"11":{"name":"(anonymous_11)","decl":{"start":{"line":95,"column":13},"end":{"line":95,"column":14}},"loc":{"start":{"line":95,"column":18},"end":{"line":99,"column":5}},"line":95},"12":{"name":"(anonymous_12)","decl":{"start":{"line":104,"column":19},"end":{"line":104,"column":20}},"loc":{"start":{"line":104,"column":39},"end":{"line":132,"column":1}},"line":104},"13":{"name":"(anonymous_13)","decl":{"start":{"line":106,"column":10},"end":{"line":106,"column":11}},"loc":{"start":{"line":106,"column":18},"end":{"line":125,"column":5}},"line":106},"14":{"name":"(anonymous_14)","decl":{"start":{"line":125,"column":13},"end":{"line":125,"column":14}},"loc":{"start":{"line":125,"column":20},"end":{"line":131,"column":5}},"line":125},"15":{"name":"(anonymous_15)","decl":{"start":{"line":136,"column":19},"end":{"line":136,"column":20}},"loc":{"start":{"line":136,"column":39},"end":{"line":149,"column":1}},"line":136},"16":{"name":"(anonymous_16)","decl":{"start":{"line":137,"column":32},"end":{"line":137,"column":33}},"loc":{"start":{"line":137,"column":41},"end":{"line":148,"column":5}},"line":137}},"branchMap":{"0":{"loc":{"start":{"line":12,"column":8},"end":{"line":20,"column":9}},"type":"if","locations":[{"start":{"line":12,"column":8},"end":{"line":20,"column":9}},{"start":{"line":16,"column":13},"end":{"line":20,"column":9}}],"line":12},"1":{"loc":{"start":{"line":107,"column":8},"end":{"line":124,"column":9}},"type":"if","locations":[{"start":{"line":107,"column":8},"end":{"line":124,"column":9}},{"start":{"line":112,"column":13},"end":{"line":124,"column":9}}],"line":107},"2":{"loc":{"start":{"line":138,"column":11},"end":{"line":147,"column":9}},"type":"if","locations":[{"start":{"line":138,"column":11},"end":{"line":147,"column":9}},{"start":{"line":142,"column":13},"end":{"line":147,"column":9}}],"line":138}},"s":{"0":1,"1":1,"2":1,"3":1,"4":1,"5":1,"6":2,"7":2,"8":1,"9":1,"10":0,"11":1,"12":1,"13":1,"14":0,"15":1,"16":2,"17":2,"18":2,"19":0,"20":1,"21":0,"22":0,"23":0,"24":0,"25":0,"26":0,"27":0,"28":0,"29":0,"30":0,"31":1,"32":1,"33":1,"34":0,"35":1,"36":1,"37":1,"38":0,"39":1,"40":0,"41":1,"42":0,"43":0,"44":0,"45":0,"46":1},"f":{"0":2,"1":2,"2":0,"3":1,"4":1,"5":0,"6":2,"7":2,"8":0,"9":0,"10":0,"11":0,"12":1,"13":1,"14":0,"15":0,"16":0},"b":{"0":[1,1],"1":[0,1],"2":[0,0]},"inputSourceMap":null,"_coverageSchema":"1a1c01bbd47fc00a2c39e90264f33305004495a9","hash":"0e1187458c01274b00a666244cdeb8752af0824c"}
,"C:\\Users\\fawad.naeem\\Desktop\\restApp\\restApi\\lib\\multer.js": {"path":"C:\\Users\\fawad.naeem\\Desktop\\restApp\\restApi\\lib\\multer.js","statementMap":{"0":{"start":{"line":1,"column":15},"end":{"line":1,"column":32}},"1":{"start":{"line":2,"column":13},"end":{"line":2,"column":28}},"2":{"start":{"line":4,"column":16},"end":{"line":9,"column":2}},"3":{"start":{"line":7,"column":8},"end":{"line":7,"column":86}},"4":{"start":{"line":10,"column":19},"end":{"line":19,"column":1}},"5":{"start":{"line":11,"column":22},"end":{"line":11,"column":36}},"6":{"start":{"line":12,"column":20},"end":{"line":12,"column":81}},"7":{"start":{"line":13,"column":21},"end":{"line":13,"column":50}},"8":{"start":{"line":14,"column":4},"end":{"line":18,"column":5}},"9":{"start":{"line":15,"column":8},"end":{"line":15,"column":30}},"10":{"start":{"line":17,"column":8},"end":{"line":17,"column":31}},"11":{"start":{"line":20,"column":15},"end":{"line":26,"column":18}},"12":{"start":{"line":28,"column":0},"end":{"line":30,"column":1}}},"fnMap":{"0":{"name":"(anonymous_0)","decl":{"start":{"line":6,"column":14},"end":{"line":6,"column":15}},"loc":{"start":{"line":6,"column":37},"end":{"line":8,"column":5}},"line":6},"1":{"name":"(anonymous_1)","decl":{"start":{"line":10,"column":19},"end":{"line":10,"column":20}},"loc":{"start":{"line":10,"column":38},"end":{"line":19,"column":1}},"line":10}},"branchMap":{"0":{"loc":{"start":{"line":14,"column":4},"end":{"line":18,"column":5}},"type":"if","locations":[{"start":{"line":14,"column":4},"end":{"line":18,"column":5}},{"start":{"line":16,"column":9},"end":{"line":18,"column":5}}],"line":14},"1":{"loc":{"start":{"line":14,"column":7},"end":{"line":14,"column":26}},"type":"binary-expr","locations":[{"start":{"line":14,"column":7},"end":{"line":14,"column":15}},{"start":{"line":14,"column":19},"end":{"line":14,"column":26}}],"line":14}},"s":{"0":1,"1":1,"2":1,"3":0,"4":1,"5":0,"6":0,"7":0,"8":0,"9":0,"10":0,"11":1,"12":1},"f":{"0":0,"1":0},"b":{"0":[0,0],"1":[0,0]},"inputSourceMap":null,"_coverageSchema":"1a1c01bbd47fc00a2c39e90264f33305004495a9","hash":"a7fb207536bf9661d19040c344d42460f58b4c1a"}
,"C:\\Users\\fawad.naeem\\Desktop\\restApp\\restApi\\lib\\config\\config.js": {"path":"C:\\Users\\fawad.naeem\\Desktop\\restApp\\restApi\\lib\\config\\config.js","statementMap":{"0":{"start":{"line":1,"column":15},"end":{"line":1,"column":32}},"1":{"start":{"line":2,"column":0},"end":{"line":2,"column":16}},"2":{"start":{"line":3,"column":0},"end":{"line":7,"column":1}}},"fnMap":{},"branchMap":{},"s":{"0":1,"1":1,"2":1},"f":{},"b":{},"inputSourceMap":null,"_coverageSchema":"1a1c01bbd47fc00a2c39e90264f33305004495a9","hash":"d536e872fcc510ce7ea07b85407aab4d0f5e25fa"}
,"C:\\Users\\fawad.naeem\\Desktop\\restApp\\restApi\\models\\items.js": {"path":"C:\\Users\\fawad.naeem\\Desktop\\restApp\\restApi\\models\\items.js","statementMap":{"0":{"start":{"line":1,"column":17},"end":{"line":1,"column":36}},"1":{"start":{"line":2,"column":15},"end":{"line":2,"column":30}},"2":{"start":{"line":3,"column":20},"end":{"line":13,"column":2}},"3":{"start":{"line":14,"column":0},"end":{"line":14,"column":61}}},"fnMap":{},"branchMap":{},"s":{"0":1,"1":1,"2":1,"3":1},"f":{},"b":{},"inputSourceMap":null,"_coverageSchema":"1a1c01bbd47fc00a2c39e90264f33305004495a9","hash":"a4d3296b87bf3fb60c541976260b34f8a733b8bd"}
,"C:\\Users\\fawad.naeem\\Desktop\\restApp\\restApi\\models\\user.js": {"path":"C:\\Users\\fawad.naeem\\Desktop\\restApp\\restApi\\models\\user.js","statementMap":{"0":{"start":{"line":1,"column":17},"end":{"line":1,"column":36}},"1":{"start":{"line":2,"column":15},"end":{"line":2,"column":30}},"2":{"start":{"line":3,"column":19},"end":{"line":8,"column":2}},"3":{"start":{"line":9,"column":0},"end":{"line":9,"column":60}}},"fnMap":{},"branchMap":{},"s":{"0":1,"1":1,"2":1,"3":1},"f":{},"b":{},"inputSourceMap":null,"_coverageSchema":"1a1c01bbd47fc00a2c39e90264f33305004495a9","hash":"fbfc8a4e94fc85bbbd59c59cbcad6ce4472435ce"}
,"C:\\Users\\fawad.naeem\\Desktop\\restApp\\restApi\\routes\\authRoutes.js": {"path":"C:\\Users\\fawad.naeem\\Desktop\\restApp\\restApi\\routes\\authRoutes.js","statementMap":{"0":{"start":{"line":1,"column":16},"end":{"line":1,"column":34}},"1":{"start":{"line":2,"column":15},"end":{"line":2,"column":31}},"2":{"start":{"line":3,"column":26},"end":{"line":3,"column":67}},"3":{"start":{"line":4,"column":0},"end":{"line":4,"column":34}},"4":{"start":{"line":5,"column":0},"end":{"line":5,"column":28}},"5":{"start":{"line":6,"column":0},"end":{"line":6,"column":23}}},"fnMap":{},"branchMap":{},"s":{"0":1,"1":1,"2":1,"3":1,"4":1,"5":1},"f":{},"b":{},"inputSourceMap":null,"_coverageSchema":"1a1c01bbd47fc00a2c39e90264f33305004495a9","hash":"2af84cca66064e9abde77c343e96154ea737df91"}
,"C:\\Users\\fawad.naeem\\Desktop\\restApp\\restApi\\routes\\index.js": {"path":"C:\\Users\\fawad.naeem\\Desktop\\restApp\\restApi\\routes\\index.js","statementMap":{"0":{"start":{"line":1,"column":16},"end":{"line":1,"column":34}},"1":{"start":{"line":2,"column":15},"end":{"line":2,"column":31}},"2":{"start":{"line":3,"column":19},"end":{"line":3,"column":42}},"3":{"start":{"line":4,"column":19},"end":{"line":4,"column":43}},"4":{"start":{"line":6,"column":0},"end":{"line":6,"column":31}},"5":{"start":{"line":7,"column":0},"end":{"line":7,"column":32}},"6":{"start":{"line":9,"column":0},"end":{"line":9,"column":23}}},"fnMap":{},"branchMap":{},"s":{"0":1,"1":1,"2":1,"3":1,"4":1,"5":1,"6":1},"f":{},"b":{},"inputSourceMap":null,"_coverageSchema":"1a1c01bbd47fc00a2c39e90264f33305004495a9","hash":"ce6aee6c814bb3f82cea474c0b7603ef1fa34621"}
,"C:\\Users\\fawad.naeem\\Desktop\\restApp\\restApi\\routes\\itemsRoutes.js": {"path":"C:\\Users\\fawad.naeem\\Desktop\\restApp\\restApi\\routes\\itemsRoutes.js","statementMap":{"0":{"start":{"line":1,"column":16},"end":{"line":1,"column":34}},"1":{"start":{"line":2,"column":15},"end":{"line":2,"column":31}},"2":{"start":{"line":3,"column":22},"end":{"line":3,"column":63}},"3":{"start":{"line":4,"column":73},"end":{"line":4,"column":115}},"4":{"start":{"line":5,"column":0},"end":{"line":5,"column":27}},"5":{"start":{"line":6,"column":0},"end":{"line":6,"column":35}},"6":{"start":{"line":7,"column":0},"end":{"line":7,"column":44}},"7":{"start":{"line":8,"column":0},"end":{"line":8,"column":50}},"8":{"start":{"line":9,"column":0},"end":{"line":9,"column":53}},"9":{"start":{"line":10,"column":0},"end":{"line":10,"column":38}},"10":{"start":{"line":11,"column":0},"end":{"line":11,"column":23}}},"fnMap":{},"branchMap":{},"s":{"0":1,"1":1,"2":1,"3":1,"4":1,"5":1,"6":1,"7":1,"8":1,"9":1,"10":1},"f":{},"b":{},"inputSourceMap":null,"_coverageSchema":"1a1c01bbd47fc00a2c39e90264f33305004495a9","hash":"577fd0a536200c6c6f2b0a429367ea5e8e4e4d6e"}
,"C:\\Users\\fawad.naeem\\Desktop\\restApp\\restApi\\utils\\server.js": {"path":"C:\\Users\\fawad.naeem\\Desktop\\restApp\\restApi\\utils\\server.js","statementMap":{"0":{"start":{"line":1,"column":0},"end":{"line":27,"column":1}},"1":{"start":{"line":2,"column":20},"end":{"line":2,"column":38}},"2":{"start":{"line":3,"column":17},"end":{"line":3,"column":32}},"3":{"start":{"line":4,"column":21},"end":{"line":4,"column":43}},"4":{"start":{"line":5,"column":21},"end":{"line":5,"column":40}},"5":{"start":{"line":6,"column":19},"end":{"line":6,"column":50}},"6":{"start":{"line":7,"column":17},"end":{"line":7,"column":39}},"7":{"start":{"line":8,"column":16},"end":{"line":8,"column":25}},"8":{"start":{"line":10,"column":24},"end":{"line":12,"column":5}},"9":{"start":{"line":13,"column":4},"end":{"line":13,"column":30}},"10":{"start":{"line":14,"column":4},"end":{"line":14,"column":59}},"11":{"start":{"line":15,"column":4},"end":{"line":15,"column":19}},"12":{"start":{"line":16,"column":4},"end":{"line":16,"column":49}},"13":{"start":{"line":17,"column":4},"end":{"line":17,"column":17}},"14":{"start":{"line":19,"column":4},"end":{"line":25,"column":6}},"15":{"start":{"line":20,"column":8},"end":{"line":24,"column":9}},"16":{"start":{"line":21,"column":12},"end":{"line":21,"column":48}},"17":{"start":{"line":23,"column":12},"end":{"line":23,"column":47}},"18":{"start":{"line":26,"column":4},"end":{"line":26,"column":15}}},"fnMap":{"0":{"name":"createServer","decl":{"start":{"line":1,"column":26},"end":{"line":1,"column":38}},"loc":{"start":{"line":1,"column":40},"end":{"line":27,"column":1}},"line":1},"1":{"name":"(anonymous_1)","decl":{"start":{"line":19,"column":25},"end":{"line":19,"column":26}},"loc":{"start":{"line":19,"column":32},"end":{"line":25,"column":5}},"line":19}},"branchMap":{"0":{"loc":{"start":{"line":20,"column":8},"end":{"line":24,"column":9}},"type":"if","locations":[{"start":{"line":20,"column":8},"end":{"line":24,"column":9}},{"start":{"line":22,"column":13},"end":{"line":24,"column":9}}],"line":20}},"s":{"0":1,"1":1,"2":1,"3":1,"4":1,"5":1,"6":1,"7":1,"8":1,"9":1,"10":1,"11":1,"12":1,"13":1,"14":1,"15":1,"16":0,"17":1,"18":1},"f":{"0":1,"1":1},"b":{"0":[0,1]},"inputSourceMap":null,"_coverageSchema":"1a1c01bbd47fc00a2c39e90264f33305004495a9","hash":"60faf31aad51489fe54e05c7fb569c0fea92768f"}
}
