TN:
SF:apis\api.js
FNF:0
FNH:0
DA:1,1
DA:2,1
DA:3,1
DA:4,1
DA:5,1
LF:5
LH:5
BRF:0
BRH:0
end_of_record
TN:
SF:controllers\authControllers.js
FN:3,verifyToken
FN:21,(anonymous_1)
FN:29,(anonymous_2)
FN:37,(anonymous_3)
FN:44,(anonymous_4)
FN:46,(anonymous_5)
FN:67,(anonymous_6)
FNF:7
FNH:5
FNDA:4,verifyToken
FNDA:1,(anonymous_1)
FNDA:1,(anonymous_2)
FNDA:0,(anonymous_3)
FNDA:1,(anonymous_4)
FNDA:1,(anonymous_5)
FNDA:0,(anonymous_6)
DA:1,1
DA:2,1
DA:4,4
DA:5,1
DA:7,3
DA:8,3
DA:9,0
DA:11,3
DA:12,3
DA:13,0
DA:15,3
DA:16,3
DA:21,1
DA:22,1
DA:23,1
DA:24,1
DA:25,0
DA:29,1
DA:30,1
DA:31,1
DA:32,1
DA:38,0
DA:44,1
DA:45,1
DA:46,1
DA:47,1
DA:48,1
DA:49,0
DA:53,1
DA:54,0
DA:58,1
DA:59,1
DA:61,1
DA:68,0
DA:73,1
LF:35
LH:28
BRDA:4,0,0,1
BRDA:4,0,1,3
BRDA:8,1,0,0
BRDA:8,1,1,3
BRDA:12,2,0,0
BRDA:12,2,1,3
BRDA:24,3,0,0
BRDA:24,3,1,1
BRDA:48,4,0,0
BRDA:48,4,1,1
BRDA:53,5,0,0
BRDA:53,5,1,1
BRF:12
BRH:7
end_of_record
TN:
SF:controllers\itemsControllers.js
FN:9,(anonymous_0)
FN:11,(anonymous_1)
FN:21,(anonymous_2)
FN:32,(anonymous_3)
FN:34,(anonymous_4)
FN:36,(anonymous_5)
FN:46,(anonymous_6)
FN:58,(anonymous_7)
FN:62,(anonymous_8)
FN:71,(anonymous_9)
FN:83,(anonymous_10)
FN:95,(anonymous_11)
FN:104,(anonymous_12)
FN:106,(anonymous_13)
FN:125,(anonymous_14)
FN:136,(anonymous_15)
FN:137,(anonymous_16)
FNF:17
FNH:8
FNDA:2,(anonymous_0)
FNDA:2,(anonymous_1)
FNDA:0,(anonymous_2)
FNDA:1,(anonymous_3)
FNDA:1,(anonymous_4)
FNDA:0,(anonymous_5)
FNDA:2,(anonymous_6)
FNDA:2,(anonymous_7)
FNDA:0,(anonymous_8)
FNDA:0,(anonymous_9)
FNDA:0,(anonymous_10)
FNDA:0,(anonymous_11)
FNDA:1,(anonymous_12)
FNDA:1,(anonymous_13)
FNDA:0,(anonymous_14)
FNDA:0,(anonymous_15)
FNDA:0,(anonymous_16)
DA:1,1
DA:2,1
DA:3,1
DA:4,1
DA:5,1
DA:9,1
DA:10,2
DA:12,2
DA:13,1
DA:17,1
DA:23,0
DA:32,1
DA:33,1
DA:35,1
DA:37,0
DA:46,1
DA:47,2
DA:58,2
DA:59,2
DA:63,0
DA:71,1
DA:72,0
DA:73,0
DA:82,0
DA:83,0
DA:84,0
DA:85,0
DA:86,0
DA:88,0
DA:92,0
DA:96,0
DA:104,1
DA:105,1
DA:107,1
DA:109,0
DA:113,1
DA:114,1
DA:115,1
DA:116,0
DA:120,1
DA:127,0
DA:136,1
DA:137,0
DA:138,0
DA:139,0
DA:143,0
DA:151,1
LF:47
LH:27
BRDA:12,0,0,1
BRDA:12,0,1,1
BRDA:107,1,0,0
BRDA:107,1,1,1
BRDA:138,2,0,0
BRDA:138,2,1,0
BRF:6
BRH:3
end_of_record
TN:
SF:lib\multer.js
FN:6,(anonymous_0)
FN:10,(anonymous_1)
FNF:2
FNH:0
FNDA:0,(anonymous_0)
FNDA:0,(anonymous_1)
DA:1,1
DA:2,1
DA:4,1
DA:7,0
DA:10,1
DA:11,0
DA:12,0
DA:13,0
DA:14,0
DA:15,0
DA:17,0
DA:20,1
DA:28,1
LF:13
LH:6
BRDA:14,0,0,0
BRDA:14,0,1,0
BRDA:14,1,0,0
BRDA:14,1,1,0
BRF:4
BRH:0
end_of_record
TN:
SF:lib\config\config.js
FNF:0
FNH:0
DA:1,1
DA:2,1
DA:3,1
LF:3
LH:3
BRF:0
BRH:0
end_of_record
TN:
SF:models\items.js
FNF:0
FNH:0
DA:1,1
DA:2,1
DA:3,1
DA:14,1
LF:4
LH:4
BRF:0
BRH:0
end_of_record
TN:
SF:models\user.js
FNF:0
FNH:0
DA:1,1
DA:2,1
DA:3,1
DA:9,1
LF:4
LH:4
BRF:0
BRH:0
end_of_record
TN:
SF:routes\authRoutes.js
FNF:0
FNH:0
DA:1,1
DA:2,1
DA:3,1
DA:4,1
DA:5,1
DA:6,1
LF:6
LH:6
BRF:0
BRH:0
end_of_record
TN:
SF:routes\index.js
FNF:0
FNH:0
DA:1,1
DA:2,1
DA:3,1
DA:4,1
DA:6,1
DA:7,1
DA:9,1
LF:7
LH:7
BRF:0
BRH:0
end_of_record
TN:
SF:routes\itemsRoutes.js
FNF:0
FNH:0
DA:1,1
DA:2,1
DA:3,1
DA:4,1
DA:5,1
DA:6,1
DA:7,1
DA:8,1
DA:9,1
DA:10,1
DA:11,1
LF:11
LH:11
BRF:0
BRH:0
end_of_record
TN:
SF:utils\server.js
FN:1,createServer
FN:19,(anonymous_1)
FNF:2
FNH:2
FNDA:1,createServer
FNDA:1,(anonymous_1)
DA:1,1
DA:2,1
DA:3,1
DA:4,1
DA:5,1
DA:6,1
DA:7,1
DA:8,1
DA:10,1
DA:13,1
DA:14,1
DA:15,1
DA:16,1
DA:17,1
DA:19,1
DA:20,1
DA:21,0
DA:23,1
DA:26,1
LF:19
LH:18
BRDA:20,0,0,0
BRDA:20,0,1,1
BRF:2
BRH:1
end_of_record
